// 重构日志: 336df20b
// 重构日志: 4ca17465
// 重构日志: c4a14f3b
// 重构日志: 6a61d310
// 重构日志: 07880ce6
// 重构日志: 70f15d15
// 重构日志: 5f80747b
// 重构日志: a8f5925e
// 同步 ID: 8f2e38ad @ Fri Jul  3 04:36:12 UTC 2026
// 重构日志: 915507ba
// 重构日志: 5f548db9
// 同步 ID: 11a21778 @ Tue Jul  7 06:01:31 UTC 2026
// 重构日志: 5d963f56
// 重构日志: 7bc1adfb
// 同步 ID: ba383a87 @ Wed Jul  8 01:43:58 UTC 2026
// 同步 ID: de90a46f @ Wed Jul  8 12:55:50 UTC 2026
// 重构日志: 6e7eab3e
// 重构日志: e1111922
// 重构日志: 86c33385
// 重构日志: ed31e461
// 重构日志: 45dd960a
// 重构日志: 67a9ffc3
// 重构日志: 4de44ad6
// 重构日志: d87199d2
// 重构日志: d4124fee
// 重构日志: 400c11c8
// 重构日志: 063d0ca5
// 重构日志: 5f5dfcc8
// 同步 ID: df2e5e06 @ Tue Jul 14 07:09:28 UTC 2026
// 同步 ID: 15a572f0 @ Wed Jul 15 07:25:47 UTC 2026
